<?xml version="1.0" encoding="UTF-8"?>
<testng-results skipped="0" failed="0" ignored="0" total="1" passed="1">
  <reporter-output>
  </reporter-output>
  <suite name="Default suite" duration-ms="48399" started-at="2020-04-04T11:37:04Z" finished-at="2020-04-04T11:37:53Z">
    <groups>
    </groups>
    <test name="Default test" duration-ms="48399" started-at="2020-04-04T11:37:04Z" finished-at="2020-04-04T11:37:53Z">
      <class name="testscripts.RegressionTest">
        <test-method status="PASS" signature="beforeMethod()[pri:0, instance:testscripts.RegressionTest@28d25987]" name="beforeMethod" is-config="true" duration-ms="29446" started-at="2020-04-04T11:37:04Z" finished-at="2020-04-04T11:37:34Z">
          <reporter-output>
          </reporter-output>
        </test-method> <!-- beforeMethod -->
        <test-method status="PASS" signature="checkingPayslipAndInvoiceButtonIsDisplayed()[pri:0, instance:testscripts.RegressionTest@28d25987]" name="checkingPayslipAndInvoiceButtonIsDisplayed" duration-ms="10109" started-at="2020-04-04T11:37:34Z" finished-at="2020-04-04T11:37:44Z">
          <reporter-output>
          </reporter-output>
        </test-method> <!-- checkingPayslipAndInvoiceButtonIsDisplayed -->
        <test-method status="PASS" signature="afterMethod()[pri:0, instance:testscripts.RegressionTest@28d25987]" name="afterMethod" is-config="true" duration-ms="8751" started-at="2020-04-04T11:37:44Z" finished-at="2020-04-04T11:37:53Z">
          <reporter-output>
          </reporter-output>
        </test-method> <!-- afterMethod -->
      </class> <!-- testscripts.RegressionTest -->
    </test> <!-- Default test -->
  </suite> <!-- Default suite -->
</testng-results>
